node:internal/modules/cjs/loader:1520
  throw err;
  ^

Error: Cannot find module './server.ts'
Require stack:
- c:\Users\User\Downloads\restpoint\imaginaryUncacheableRequireResolveScript
    at Module._resolveFilename (node:internal/modules/cjs/loader:1517:15)
    at wrapResolveFilename (node:internal/modules/cjs/loader:1071:27)
    at resolveForCJSWithHooks (node:internal/modules/cjs/loader:1122:12)
    at require.resolve (node:internal/modules/helpers:171:31)
    at requireResolveNonCached (c:\Users\User\Downloads\restpoint\node_modules\ts-node\dist\bin.js:549:16)
    at getProjectSearchDir (c:\Users\User\Downloads\restpoint\node_modules\ts-node\dist\bin.js:519:40)
    at phase3 (c:\Users\User\Downloads\restpoint\node_modules\ts-node\dist\bin.js:267:27)
    at bootstrap (c:\Users\User\Downloads\restpoint\node_modules\ts-node\dist\bin.js:47:30)
    at main (c:\Users\User\Downloads\restpoint\node_modules\ts-node\dist\bin.js:33:12)
    at Object.<anonymous> (c:\Users\User\Downloads\restpoint\node_modules\ts-node\dist\bin.js:579:5) {
  code: 'MODULE_NOT_FOUND',
  requireStack: [
    'c:\\Users\\User\\Downloads\\restpoint\\imaginaryUncacheableRequireResolveScript'
  ]
}

Node.js v24.18.0
