{"level":"info","message":"Billing service scheduled: 0 0 8 * * *","timestamp":"2026-06-29T04:15:12.522Z"}
{"level":"info","message":"========================================","timestamp":"2026-06-29T04:15:12.580Z"}
{"level":"info","message":"Billing Service started on port 5000","timestamp":"2026-06-29T04:15:12.581Z"}
{"level":"info","message":"Daily billing schedule: 0 0 8 * * *","timestamp":"2026-06-29T04:15:12.582Z"}
{"level":"info","message":"Fallback service: Not configured","timestamp":"2026-06-29T04:15:12.582Z"}
{"level":"info","message":"========================================","timestamp":"2026-06-29T04:15:12.583Z"}
{"level":"info","message":"SIGINT received, shutting down gracefully","timestamp":"2026-06-29T04:15:21.668Z"}
{"level":"info","message":"Billing service scheduled: 0 0 8 * * *","timestamp":"2026-07-01T12:39:20.106Z"}
{"level":"info","message":"========================================","timestamp":"2026-07-01T12:39:20.206Z"}
{"level":"info","message":"Billing Service started on port 5017","timestamp":"2026-07-01T12:39:20.207Z"}
{"level":"info","message":"Daily billing schedule: 0 0 8 * * *","timestamp":"2026-07-01T12:39:20.207Z"}
{"level":"info","message":"Fallback service: Not configured","timestamp":"2026-07-01T12:39:20.216Z"}
{"level":"info","message":"========================================","timestamp":"2026-07-01T12:39:20.219Z"}
{"level":"info","message":"Billing service scheduled: 0 0 8 * * *","timestamp":"2026-07-03T06:55:50.695Z"}
{"level":"info","message":"========================================","timestamp":"2026-07-03T06:55:50.733Z"}
{"level":"info","message":"Billing Service started on port 5017","timestamp":"2026-07-03T06:55:50.734Z"}
{"level":"info","message":"Daily billing schedule: 0 0 8 * * *","timestamp":"2026-07-03T06:55:50.734Z"}
{"level":"info","message":"Fallback service: Not configured","timestamp":"2026-07-03T06:55:50.734Z"}
{"level":"info","message":"========================================","timestamp":"2026-07-03T06:55:50.735Z"}
{"level":"info","message":"Billing service scheduled: 0 0 8 * * *","timestamp":"2026-07-03T07:51:28.278Z"}
{"level":"info","message":"========================================","timestamp":"2026-07-03T07:51:28.350Z"}
{"level":"info","message":"Billing Service started on port 5017","timestamp":"2026-07-03T07:51:28.350Z"}
{"level":"info","message":"Daily billing schedule: 0 0 8 * * *","timestamp":"2026-07-03T07:51:28.351Z"}
{"level":"info","message":"Fallback service: Not configured","timestamp":"2026-07-03T07:51:28.351Z"}
{"level":"info","message":"========================================","timestamp":"2026-07-03T07:51:28.351Z"}
{"level":"info","message":"Billing service scheduled: 0 0 8 * * *","timestamp":"2026-07-03T12:01:02.774Z"}
{"level":"info","message":"========================================","timestamp":"2026-07-03T12:01:04.086Z"}
{"level":"info","message":"Billing Service started on port 5017","timestamp":"2026-07-03T12:01:04.087Z"}
{"level":"info","message":"Daily billing schedule: 0 0 8 * * *","timestamp":"2026-07-03T12:01:04.087Z"}
{"level":"info","message":"Fallback service: Not configured","timestamp":"2026-07-03T12:01:04.088Z"}
{"level":"info","message":"========================================","timestamp":"2026-07-03T12:01:04.088Z"}
{"level":"info","message":"Billing service scheduled: 0 0 8 * * *","timestamp":"2026-07-03T12:37:49.578Z"}
{"level":"info","message":"========================================","timestamp":"2026-07-03T12:37:50.783Z"}
{"level":"info","message":"Billing Service started on port 5017","timestamp":"2026-07-03T12:37:50.784Z"}
{"level":"info","message":"Daily billing schedule: 0 0 8 * * *","timestamp":"2026-07-03T12:37:50.784Z"}
{"level":"info","message":"Fallback service: Not configured","timestamp":"2026-07-03T12:37:50.784Z"}
{"level":"info","message":"========================================","timestamp":"2026-07-03T12:37:50.785Z"}
